<?xml version="1.0" encoding="UTF-8"?>
<!-- Generated by org.testng.reporters.JUnitXMLReporter -->
<testsuite ignored="0" hostname="DESKTOP-6G9M66L" failures="0" tests="4" name="Test2" time="11.107" errors="0" timestamp="2025-02-27T11:17:40 IST">
  <testcase classname="com.testngapackege.AnotaionsExample" name="verifyTitle" time="0.002"/>
  <testcase classname="com.testngapackege.AnotaionsExample" name="shipmenttDetails" time="0.002"/>
  <testcase classname="com.testngapackege.AnotaionsExample" name="PaypemntDetails" time="0.001"/>
  <testcase classname="com.testngapackege.Demo1" name="loginApp" time="11.09"/>
</testsuite> <!-- Test2 -->
