<?xml version="1.0" encoding="UTF-8"?>
<testng-results ignored="0" total="2" passed="2" failed="0" skipped="0">
  <reporter-output>
  </reporter-output>
  <suite started-at="2025-03-07T11:28:59 IST" name="Suite" finished-at="2025-03-07T11:29:16 IST" duration-ms="16564">
    <groups>
    </groups>
    <test started-at="2025-03-07T11:28:59 IST" name="Test" finished-at="2025-03-07T11:29:16 IST" duration-ms="16564">
      <class name="com.pageobjectmodel.TestLogin">
        <test-method is-config="true" signature="setup()[pri:0, instance:com.pageobjectmodel.TestLogin@66982506]" started-at="2025-03-07T11:28:59 IST" name="setup" finished-at="2025-03-07T11:29:05 IST" duration-ms="5900" status="PASS">
          <reporter-output>
          </reporter-output>
        </test-method> <!-- setup -->
        <test-method signature="loginTest()[pri:0, instance:com.pageobjectmodel.TestLogin@66982506]" started-at="2025-03-07T11:29:05 IST" name="loginTest" finished-at="2025-03-07T11:29:09 IST" duration-ms="3680" status="PASS">
          <reporter-output>
          </reporter-output>
        </test-method> <!-- loginTest -->
        <test-method signature="verifyAddToCart()[pri:0, instance:com.pageobjectmodel.TestLogin@66982506]" started-at="2025-03-07T11:29:09 IST" name="verifyAddToCart" finished-at="2025-03-07T11:29:11 IST" duration-ms="2178" status="PASS">
          <reporter-output>
          </reporter-output>
        </test-method> <!-- verifyAddToCart -->
        <test-method is-config="true" signature="tearDown()[pri:0, instance:com.pageobjectmodel.TestLogin@66982506]" started-at="2025-03-07T11:29:11 IST" name="tearDown" finished-at="2025-03-07T11:29:16 IST" duration-ms="4621" status="PASS">
          <reporter-output>
          </reporter-output>
        </test-method> <!-- tearDown -->
      </class> <!-- com.pageobjectmodel.TestLogin -->
    </test> <!-- Test -->
  </suite> <!-- Suite -->
</testng-results>
